{"/Users/nicolasgirardot/Developer/Projects/Personal/Tracks/tracks-backend/src/auth/auth.service.ts": {"path":"/Users/nicolasgirardot/Developer/Projects/Personal/Tracks/tracks-backend/src/auth/auth.service.ts","statementMap":{"0":{"start":{"line":1,"column":0},"end":{"line":1,"column":55}},"1":{"start":{"line":2,"column":0},"end":{"line":2,"column":65}},"2":{"start":{"line":3,"column":0},"end":{"line":3,"column":41}},"3":{"start":{"line":4,"column":0},"end":{"line":4,"column":59}},"4":{"start":{"line":13,"column":0},"end":{"line":69,"column":null}},"5":{"start":{"line":15,"column":12},"end":{"line":15,"column":24}},"6":{"start":{"line":16,"column":12},"end":{"line":16,"column":28}},"7":{"start":{"line":17,"column":21},"end":{"line":17,"column":36}},"8":{"start":{"line":21,"column":17},"end":{"line":21,"column":78}},"9":{"start":{"line":22,"column":4},"end":{"line":35,"column":null}},"10":{"start":{"line":23,"column":6},"end":{"line":31,"column":null}},"11":{"start":{"line":32,"column":6},"end":{"line":32,"column":28}},"12":{"start":{"line":33,"column":6},"end":{"line":33,"column":43}},"13":{"start":{"line":34,"column":6},"end":{"line":34,"column":18}},"14":{"start":{"line":36,"column":4},"end":{"line":36,"column":74}},"15":{"start":{"line":40,"column":25},"end":{"line":40,"column":80}},"16":{"start":{"line":41,"column":4},"end":{"line":49,"column":null}},"17":{"start":{"line":42,"column":41},"end":{"line":42,"column":64}},"18":{"start":{"line":43,"column":6},"end":{"line":46,"column":8}},"19":{"start":{"line":48,"column":6},"end":{"line":48,"column":75}},"20":{"start":{"line":53,"column":31},"end":{"line":53,"column":95}},"21":{"start":{"line":54,"column":4},"end":{"line":67,"column":null}},"22":{"start":{"line":55,"column":6},"end":{"line":55,"column":67}},"23":{"start":{"line":56,"column":6},"end":{"line":64,"column":null}},"24":{"start":{"line":66,"column":6},"end":{"line":66,"column":71}},"25":{"start":{"line":13,"column":13},"end":{"line":69,"column":null}},"26":{"start":{"line":13,"column":13},"end":{"line":13,"column":24}}},"fnMap":{"0":{"name":"(anonymous_9)","decl":{"start":{"line":14,"column":2},"end":{"line":14,"column":null}},"loc":{"start":{"line":17,"column":49},"end":{"line":18,"column":7}}},"1":{"name":"(anonymous_10)","decl":{"start":{"line":20,"column":8},"end":{"line":20,"column":20}},"loc":{"start":{"line":20,"column":48},"end":{"line":37,"column":null}}},"2":{"name":"(anonymous_12)","decl":{"start":{"line":39,"column":8},"end":{"line":39,"column":13}},"loc":{"start":{"line":39,"column":45},"end":{"line":50,"column":null}}},"3":{"name":"(anonymous_14)","decl":{"start":{"line":52,"column":8},"end":{"line":52,"column":14}},"loc":{"start":{"line":52,"column":46},"end":{"line":68,"column":null}}}},"branchMap":{"0":{"loc":{"start":{"line":22,"column":4},"end":{"line":35,"column":null}},"type":"if","locations":[{"start":{"line":22,"column":4},"end":{"line":35,"column":null}},{"start":{"line":22,"column":4},"end":{"line":35,"column":null}}]},"1":{"loc":{"start":{"line":41,"column":4},"end":{"line":49,"column":null}},"type":"if","locations":[{"start":{"line":41,"column":4},"end":{"line":49,"column":null}},{"start":{"line":41,"column":4},"end":{"line":49,"column":null}}]},"2":{"loc":{"start":{"line":41,"column":8},"end":{"line":41,"column":20}},"type":"binary-expr","locations":[{"start":{"line":41,"column":8},"end":{"line":41,"column":20}},{"start":{"line":41,"column":24},"end":{"line":41,"column":58}}]},"3":{"loc":{"start":{"line":54,"column":4},"end":{"line":67,"column":null}},"type":"if","locations":[{"start":{"line":54,"column":4},"end":{"line":67,"column":null}},{"start":{"line":54,"column":4},"end":{"line":67,"column":null}}]}},"s":{"0":1,"1":1,"2":1,"3":1,"4":1,"5":8,"6":8,"7":8,"8":2,"9":1,"10":1,"11":1,"12":1,"13":1,"14":0,"15":3,"16":3,"17":1,"18":1,"19":2,"20":2,"21":2,"22":1,"23":1,"24":1,"25":1,"26":1},"f":{"0":8,"1":2,"2":3,"3":2},"b":{"0":[1,0],"1":[1,2],"2":[3,2],"3":[1,1]}}
,"/Users/nicolasgirardot/Developer/Projects/Personal/Tracks/tracks-backend/src/common/base.entity.ts": {"path":"/Users/nicolasgirardot/Developer/Projects/Personal/Tracks/tracks-backend/src/common/base.entity.ts","statementMap":{"0":{"start":{"line":1,"column":0},"end":{"line":1,"column":133}},"1":{"start":{"line":5,"column":2},"end":{"line":5,"column":null}},"2":{"start":{"line":8,"column":2},"end":{"line":8,"column":null}},"3":{"start":{"line":11,"column":2},"end":{"line":11,"column":null}},"4":{"start":{"line":14,"column":2},"end":{"line":14,"column":null}},"5":{"start":{"line":3,"column":0},"end":{"line":3,"column":13}}},"fnMap":{},"branchMap":{},"s":{"0":1,"1":1,"2":1,"3":1,"4":1,"5":1},"f":{},"b":{}}
,"/Users/nicolasgirardot/Developer/Projects/Personal/Tracks/tracks-backend/src/users/users.entity.ts": {"path":"/Users/nicolasgirardot/Developer/Projects/Personal/Tracks/tracks-backend/src/users/users.entity.ts","statementMap":{"0":{"start":{"line":1,"column":0},"end":{"line":1,"column":41}},"1":{"start":{"line":2,"column":0},"end":{"line":2,"column":51}},"2":{"start":{"line":3,"column":0},"end":{"line":3,"column":66}},"3":{"start":{"line":6,"column":0},"end":{"line":18,"column":null}},"4":{"start":{"line":8,"column":2},"end":{"line":8,"column":null}},"5":{"start":{"line":11,"column":2},"end":{"line":11,"column":null}},"6":{"start":{"line":14,"column":2},"end":{"line":14,"column":null}},"7":{"start":{"line":17,"column":2},"end":{"line":17,"column":null}},"8":{"start":{"line":6,"column":13},"end":{"line":18,"column":null}},"9":{"start":{"line":6,"column":13},"end":{"line":6,"column":17}}},"fnMap":{},"branchMap":{},"s":{"0":1,"1":1,"2":1,"3":1,"4":1,"5":1,"6":1,"7":1,"8":1,"9":1},"f":{},"b":{}}
,"/Users/nicolasgirardot/Developer/Projects/Personal/Tracks/tracks-backend/src/users/users.repository.ts": {"path":"/Users/nicolasgirardot/Developer/Projects/Personal/Tracks/tracks-backend/src/users/users.repository.ts","statementMap":{"0":{"start":{"line":1,"column":0},"end":{"line":1,"column":55}},"1":{"start":{"line":2,"column":0},"end":{"line":2,"column":38}},"2":{"start":{"line":5,"column":0},"end":{"line":6,"column":null}},"3":{"start":{"line":5,"column":13},"end":{"line":6,"column":null}},"4":{"start":{"line":5,"column":13},"end":{"line":5,"column":27}}},"fnMap":{},"branchMap":{},"s":{"0":1,"1":1,"2":1,"3":1,"4":1},"f":{},"b":{}}
,"/Users/nicolasgirardot/Developer/Projects/Personal/Tracks/tracks-backend/src/utils/generator.utils.ts": {"path":"/Users/nicolasgirardot/Developer/Projects/Personal/Tracks/tracks-backend/src/utils/generator.utils.ts","statementMap":{"0":{"start":{"line":1,"column":13},"end":{"line":3,"column":null}},"1":{"start":{"line":2,"column":2},"end":{"line":2,"column":null}}},"fnMap":{"0":{"name":"(anonymous_0)","decl":{"start":{"line":1,"column":38},"end":{"line":1,"column":41}},"loc":{"start":{"line":1,"column":43},"end":{"line":3,"column":1}}}},"branchMap":{},"s":{"0":1,"1":1},"f":{"0":1},"b":{}}
}
