TN:
SF:src/auth/auth.service.ts
FN:14,(anonymous_9)
FN:20,(anonymous_10)
FN:39,(anonymous_12)
FN:52,(anonymous_14)
FNF:4
FNH:4
FNDA:8,(anonymous_9)
FNDA:2,(anonymous_10)
FNDA:3,(anonymous_12)
FNDA:2,(anonymous_14)
DA:1,1
DA:2,1
DA:3,1
DA:4,1
DA:13,1
DA:15,8
DA:16,8
DA:17,8
DA:21,2
DA:22,1
DA:23,1
DA:32,1
DA:33,1
DA:34,1
DA:36,0
DA:40,3
DA:41,3
DA:42,1
DA:43,1
DA:48,2
DA:53,2
DA:54,2
DA:55,1
DA:56,1
DA:66,1
LF:25
LH:24
BRDA:22,0,0,1
BRDA:22,0,1,0
BRDA:41,1,0,1
BRDA:41,1,1,2
BRDA:41,2,0,3
BRDA:41,2,1,2
BRDA:54,3,0,1
BRDA:54,3,1,1
BRF:8
BRH:7
end_of_record
TN:
SF:src/common/base.entity.ts
FNF:0
FNH:0
DA:1,1
DA:3,1
DA:5,1
DA:8,1
DA:11,1
DA:14,1
LF:6
LH:6
BRF:0
BRH:0
end_of_record
TN:
SF:src/users/users.entity.ts
FNF:0
FNH:0
DA:1,1
DA:2,1
DA:3,1
DA:6,1
DA:8,1
DA:11,1
DA:14,1
DA:17,1
LF:8
LH:8
BRF:0
BRH:0
end_of_record
TN:
SF:src/users/users.repository.ts
FNF:0
FNH:0
DA:1,1
DA:2,1
DA:5,1
LF:3
LH:3
BRF:0
BRH:0
end_of_record
TN:
SF:src/utils/generator.utils.ts
FN:1,(anonymous_0)
FNF:1
FNH:1
FNDA:1,(anonymous_0)
DA:1,1
DA:2,1
LF:2
LH:2
BRF:0
BRH:0
end_of_record
